1776704685 15180 310.9 4350976 464867152
1776704686 15180 300.3 1309408 448085840
1776704687 15180 572.9 1309520 448085840
1776704688 15180 611.1 1506192 448085840
1776704689 15180 503.5 2900912 464867152
1776704690 15180  94.9 4151584 464867152
1776704691 15180  86.0 4104960 464867152
1776704693 15180 298.6 4114672 464867152
1776704694 15180 319.0 4374768 464867152
1776704695 15180 323.1 4362000 464867152
1776704696 15180 302.9 4188400 464867152
1776704697 15180 206.6 718880 448085840
1776704698 15180 489.2 2899600 448085840
1776704699 15180 525.9 2899616 448085840
1776704700 15180 626.8 2899632 448085840
1776704701 15180 516.6 3089712 448085840
1776704702 15180 594.4 3114352 448085840
1776704703 15180 641.1 3252112 448085840
1776704704 15180 571.7 3214544 448085840
1776704705 15180 471.9 3201136 448085840
1776704707 15180  98.4 3112336 448085840
1776704708 15180  98.6 3079552 448085840
1776704709 15180  98.6 3039584 448085840
1776704710 15180 146.6 3074464 448085968
1776704711 15180  48.0 2953056 447948560
1776704712 15180 134.1 2963344 447948560
1776704713 15180  70.9 3070608 447950800
1776704714 15180 662.9 3138272 447950800
1776704715 15180 292.6 3238144 447950800
1776704716 15180  90.1 3324336 464732112
1776704717 15180  76.0 3274944 464732112
1776704718 15180  76.7 3190848 481513424
1776704719 15180  75.0 3186480 481513424
1776704720 15180  64.8 3183616 481513424
1776704721 15180  55.8 3757872 481513424
1776704722 15180  57.1 3723216 481513424
1776704723 15180  42.3 2536816 481513424
1776704724 15180  48.2 2306960 481513424
1776704725 15180 327.8 2584368 481513424
1776704727 15180 321.4 2506224 481513424
1776704728 15180 325.6 2427584 481513424
1776704729 15180 322.4 2382464 481513424
1776704730 15180 349.0 2489136 481513424
1776704731 15180 317.7 2491344 481513424
1776704732 15180 338.9 2817840 481513424
1776704733 15180 329.3 2770960 481513424
1776704734 15180 330.7 2695008 481513424
1776704736 15180 350.5 2552112 481513424
1776704737 15180 249.2 2702704 489906128
1776704738 15180 199.5 2687904 489906128
1776704739 15180 214.5 2531296 489906128
1776704740 15180 203.0 2595216 489906128
1776704741 15180 229.8 2654240 489906128
1776704742 15180 234.4 751504 481517520
1776704743 15180 270.1 2757072 481517520
1776704744 15180 213.4 2616688 481517520
1776704745 15180 246.4 2546416 481517520
1776704746 15180 241.3 2724720 481517520
1776704748 15180 341.9 1110960 464736208
1776704749 15180 358.8 3938816 464736208
1776704750 15180 366.0 3882480 464736208
1776704751 15180 380.1 3847664 464736208
1776704752 15180 217.4 3059952 464736208
1776704753 15180 261.9 3455808 468934608
1776704754 15180 268.6 3592528 468934608
1776704755 15180 284.1 3886272 468148176
1776704756 15180 274.0 4046912 464740304
1776704758 15180 255.8 3798160 464740304
1776704759 15180 475.7 4480080 456347600
1776704760 15180 411.4 4382544 456347600
1776704761 15180 307.7 4150448 458448848
1776704762 15180 214.9 3564496 456351696
1776704763 15180 410.4 2603728 452153296
1776704764 15180 270.0 3956656 452153296
1776704765 15180 476.6 3155040 447950800
1776704766 15180  96.7 4120848 464732112
1776704767 15180  76.5 4092896 464732112
1776704769 15180  70.9 3983056 464732112
1776704770 15180 307.4 3930144 464732112
1776704771 15180 318.6 4192800 464732112
1776704772 15180 375.4 4278560 464732112
1776704773 15180 273.0 4032016 464732112
1776704774 15180 229.2 1311600 447950800
1776704775 15180 588.9 1344544 447950800
1776704776 15180 690.3 1579728 447950800
1776704777 15180 286.5 3728752 464732112
1776704778 15180  78.5 3560064 464732112
1776704779 15180  73.9 3498928 464732112
1776704780 15180 309.3 3726016 464732112
1776704781 15180 332.7 3938480 464732112
1776704783 15180 293.8 3876160 464732112
1776704784 15180 304.2 3845536 464732112
1776704785 15180 215.7 245120 447950800
1776704786 15180 627.8 2902480 447950800
1776704787 15180 647.0 2902496 447950800
1776704788 15180 603.5 2902496 447950800
1776704789 15180 584.9 3247248 447950800
1776704790 15180 613.0 3247248 447950800
1776704791 15180 516.4 3123008 447950800
1776704792 15180 578.2 3132464 447950800
1776704793 15180 276.4 3097616 447950800
1776704794 15180 101.9 3091456 447950800
1776704795 15180 100.0 3071184 447950800
1776704796 15180 100.5 3034336 447950800
1776704797 15180 164.5 3003600 447950800
